\BOOKMARK [1][-]{section.1}{Introduction}{}% 1
\BOOKMARK [2][-]{subsection.1.1}{The Kelp Crisis}{section.1}% 2
\BOOKMARK [2][-]{subsection.1.2}{The Need for Intervention}{section.1}% 3
\BOOKMARK [2][-]{subsection.1.3}{Challenges with Existing Monitoring Methods and Why New Methods Are Needed}{section.1}% 4
\BOOKMARK [2][-]{subsection.1.4}{Existing Digital Data and Automation Techniques for Kelp Maps}{section.1}% 5
\BOOKMARK [2][-]{subsection.1.5}{Bridging the Data Gap: Citizen Science}{section.1}% 6
\BOOKMARK [2][-]{subsection.1.6}{Remote Sensing as a Solution}{section.1}% 7
\BOOKMARK [2][-]{subsection.1.7}{Preview of Approach and Key Findings}{section.1}% 8
\BOOKMARK [1][-]{section.2}{Background}{}% 9
\BOOKMARK [2][-]{subsection.2.1}{The Landsat 7 Satellite and its Advantages for Kelp Monitoring}{section.2}% 10
\BOOKMARK [2][-]{subsection.2.2}{Drawbacks of Landsat 7: The Scan Line Corrector \(SLC\) Failure}{section.2}% 11
\BOOKMARK [2][-]{subsection.2.3}{Established Automated Methods: Multiple Endmember Spectral Mixture Analysis}{section.2}% 12
\BOOKMARK [2][-]{subsection.2.4}{A New Approach with an Alternative Data Source: The Floating Forests Project}{section.2}% 13
\BOOKMARK [2][-]{subsection.2.5}{Deep Learning for Image Segmentation}{section.2}% 14
\BOOKMARK [2][-]{subsection.2.6}{Leveraging Prior Knowledge with Transfer Learning and Fine-Tuning}{section.2}% 15
\BOOKMARK [2][-]{subsection.2.7}{Data Augmentation}{section.2}% 16
\BOOKMARK [1][-]{section.3}{Methods}{}% 17
\BOOKMARK [2][-]{subsection.3.1}{Introduction}{section.3}% 18
\BOOKMARK [2][-]{subsection.3.2}{Data Acquisition and Description: The Floating Forests Dataset}{section.3}% 19
\BOOKMARK [2][-]{subsection.3.3}{Data Preprocessing and Cleaning}{section.3}% 20
\BOOKMARK [2][-]{subsection.3.4}{Dataset Splitting}{section.3}% 21
\BOOKMARK [2][-]{subsection.3.5}{Model Development and Training}{section.3}% 22
\BOOKMARK [3][-]{subsubsection.3.5.1}{Model Architecture}{subsection.3.5}% 23
\BOOKMARK [3][-]{subsubsection.3.5.2}{Data Handling and Augmentation}{subsection.3.5}% 24
\BOOKMARK [3][-]{subsubsection.3.5.3}{Training Setup and Procedure}{subsection.3.5}% 25
\BOOKMARK [3][-]{subsubsection.3.5.4}{Hardware, Precision, and Final Model Output}{subsection.3.5}% 26
\BOOKMARK [2][-]{subsection.3.6}{Determining the Optimal Prediction Threshold}{section.3}% 27
\BOOKMARK [2][-]{subsection.3.7}{Model Evaluation on the Test Set}{section.3}% 28
\BOOKMARK [1][-]{section.4}{Results}{}% 29
\BOOKMARK [2][-]{subsection.4.1}{Overview of Experimental Setup}{section.4}% 30
\BOOKMARK [2][-]{subsection.4.2}{Impact of Data Preprocessing}{section.4}% 31
\BOOKMARK [2][-]{subsection.4.3}{Impact of Data Augmentation}{section.4}% 32
\BOOKMARK [2][-]{subsection.4.4}{Comparison of ResNet Backbones}{section.4}% 33
\BOOKMARK [2][-]{subsection.4.5}{Effect of Land Mask Post-processing}{section.4}% 34
\BOOKMARK [2][-]{subsection.4.6}{Summary of Best Performing Model}{section.4}% 35
\BOOKMARK [2][-]{subsection.4.7}{Qualitative Results}{section.4}% 36
\BOOKMARK [1][-]{section.5}{Discussion}{}% 37
\BOOKMARK [2][-]{subsection.5.1}{Summary of Key Findings and Performance}{section.5}% 38
\BOOKMARK [2][-]{subsection.5.2}{Interpretation of Results: Factors Contributing to Model Success}{section.5}% 39
\BOOKMARK [3][-]{subsubsection.5.2.1}{The Importance of Data Preprocessing: Stabilizing Input Distributions}{subsection.5.2}% 40
\BOOKMARK [3][-]{subsubsection.5.2.2}{The Power of Data Augmentation: Enhancing Generalization}{subsection.5.2}% 41
\BOOKMARK [3][-]{subsubsection.5.2.3}{The Essential Role of Transfer Learning and Fine-Tuning}{subsection.5.2}% 42
\BOOKMARK [3][-]{subsubsection.5.2.4}{Backbone Choice: ResNet34 as an Effective Compromise}{subsection.5.2}% 43
\BOOKMARK [3][-]{subsubsection.5.2.5}{Strategic Thresholding for Optimal Binary Classification}{subsection.5.2}% 44
\BOOKMARK [2][-]{subsection.5.3}{The Developed End-to-End Solution and its Significance}{section.5}% 45
\BOOKMARK [2][-]{subsection.5.4}{Comparison with Existing Remote Sensing Methods}{section.5}% 46
\BOOKMARK [2][-]{subsection.5.5}{Limitations of the Study}{section.5}% 47
\BOOKMARK [2][-]{subsection.5.6}{Future Work and Directions}{section.5}% 48
\BOOKMARK [2][-]{subsection.5.7}{Broader Implications and Conclusion}{section.5}% 49
\BOOKMARK [1][-]{appendix.A}{Comprehensive Evaluation Metrics}{}% 50
