This is pdfTeX, Version 3.141592653-2.6-1.40.27 (MiKTeX 25.4) (preloaded format=pdflatex 2025.5.1)  11 MAY 2025 20:14
entering extended mode
 restricted \write18 enabled.
 file:line:error style messages enabled.
 %&-line parsing enabled.
**"c:/Users/Max/Desktop/My Stuff/Kelp-Canopy-Mapping/writeup/writeup.tex"
(c:/Users/Max/Desktop/My Stuff/Kelp-Canopy-Mapping/writeup/writeup.tex
LaTeX2e <2024-11-01> patch level 2
L3 programming layer <2025-03-26>
(C:\Users\Max\AppData\Local\Programs\MiKTeX\tex/latex/base\article.cls
Document Class: article 2024/06/29 v1.4n Standard LaTeX document class
(C:\Users\Max\AppData\Local\Programs\MiKTeX\tex/latex/base\size10.clo
File: size10.clo 2024/06/29 v1.4n Standard LaTeX file (size option)
)
\c@part=\count197
\c@section=\count198
\c@subsection=\count199
\c@subsubsection=\count266
\c@paragraph=\count267
\c@subparagraph=\count268
\c@figure=\count269
\c@table=\count270
\abovecaptionskip=\skip49
\belowcaptionskip=\skip50
\bibindent=\dimen146
) (neurips_2023.sty
Package: neurips_2023 2023/03/31 NeurIPS 2023 submission/camera-ready style file
 (C:\Users\Max\AppData\Local\Programs\MiKTeX\tex/latex/environ\environ.sty
Package: environ 2014/05/04 v0.3 A new way to define environments
 (C:\Users\Max\AppData\Local\Programs\MiKTeX\tex/latex/trimspaces\trimspaces.sty
Package: trimspaces 2009/09/17 v1.1 Trim spaces around a token list
)
\@envbody=\toks17
) (C:\Users\Max\AppData\Local\Programs\MiKTeX\tex/latex/geometry\geometry.sty
Package: geometry 2020/01/02 v5.9 Page Geometry
 (C:\Users\Max\AppData\Local\Programs\MiKTeX\tex/latex/graphics\keyval.sty
Package: keyval 2022/05/29 v1.15 key=value parser (DPC)
\KV@toks@=\toks18
) (C:\Users\Max\AppData\Local\Programs\MiKTeX\tex/generic/iftex\ifvtex.sty
Package: ifvtex 2019/10/25 v1.7 ifvtex legacy package. Use iftex instead.
 (C:\Users\Max\AppData\Local\Programs\MiKTeX\tex/generic/iftex\iftex.sty
Package: iftex 2024/12/12 v1.0g TeX engine tests
))
\Gm@cnth=\count271
\Gm@cntv=\count272
\c@Gm@tempcnt=\count273
\Gm@bindingoffset=\dimen147
\Gm@wd@mp=\dimen148
\Gm@odd@mp=\dimen149
\Gm@even@mp=\dimen150
\Gm@layoutwidth=\dimen151
\Gm@layoutheight=\dimen152
\Gm@layouthoffset=\dimen153
\Gm@layoutvoffset=\dimen154
\Gm@dimlist=\toks19
 (C:\Users\Max\AppData\Local\Programs\MiKTeX\tex/latex/geometry\geometry.cfg))
\@neuripsabovecaptionskip=\skip51
\@neuripsbelowcaptionskip=\skip52
) (C:\Users\Max\AppData\Local\Programs\MiKTeX\tex/latex/base\inputenc.sty
Package: inputenc 2024/02/08 v1.3d Input encoding file
\inpenc@prehook=\toks20
\inpenc@posthook=\toks21
) (C:\Users\Max\AppData\Local\Programs\MiKTeX\tex/latex/base\fontenc.sty
Package: fontenc 2021/04/29 v2.0v Standard LaTeX package
LaTeX Font Info:    Trying to load font information for T1+ptm on input line 116.
 (C:\Users\Max\AppData\Local\Programs\MiKTeX\tex/latex/psnfss\t1ptm.fd
File: t1ptm.fd 2001/06/04 font definitions for T1/ptm.
)) (C:\Users\Max\AppData\Local\Programs\MiKTeX\tex/latex/hyperref\hyperref.sty
Package: hyperref 2024-11-05 v7.01l Hypertext links for LaTeX
 (C:\Users\Max\AppData\Local\Programs\MiKTeX\tex/latex/kvsetkeys\kvsetkeys.sty
Package: kvsetkeys 2022-10-05 v1.19 Key value parser (HO)
) (C:\Users\Max\AppData\Local\Programs\MiKTeX\tex/generic/kvdefinekeys\kvdefinekeys.sty
Package: kvdefinekeys 2019-12-19 v1.6 Define keys (HO)
) (C:\Users\Max\AppData\Local\Programs\MiKTeX\tex/generic/pdfescape\pdfescape.sty
Package: pdfescape 2019/12/09 v1.15 Implements pdfTeX's escape features (HO)
 (C:\Users\Max\AppData\Local\Programs\MiKTeX\tex/generic/ltxcmds\ltxcmds.sty
Package: ltxcmds 2023-12-04 v1.26 LaTeX kernel commands for general use (HO)
) (C:\Users\Max\AppData\Local\Programs\MiKTeX\tex/generic/pdftexcmds\pdftexcmds.sty
Package: pdftexcmds 2020-06-27 v0.33 Utility functions of pdfTeX for LuaTeX (HO)
 (C:\Users\Max\AppData\Local\Programs\MiKTeX\tex/generic/infwarerr\infwarerr.sty
Package: infwarerr 2019/12/03 v1.5 Providing info/warning/error messages (HO)
)
Package pdftexcmds Info: \pdf@primitive is available.
Package pdftexcmds Info: \pdf@ifprimitive is available.
Package pdftexcmds Info: \pdfdraftmode found.
)) (C:\Users\Max\AppData\Local\Programs\MiKTeX\tex/latex/hycolor\hycolor.sty
Package: hycolor 2020-01-27 v1.10 Color options for hyperref/bookmark (HO)
) (C:\Users\Max\AppData\Local\Programs\MiKTeX\tex/latex/hyperref\nameref.sty
Package: nameref 2023-11-26 v2.56 Cross-referencing by name of section
 (C:\Users\Max\AppData\Local\Programs\MiKTeX\tex/latex/refcount\refcount.sty
Package: refcount 2019/12/15 v3.6 Data extraction from label references (HO)
) (C:\Users\Max\AppData\Local\Programs\MiKTeX\tex/generic/gettitlestring\gettitlestring.sty
Package: gettitlestring 2019/12/15 v1.6 Cleanup title references (HO)
 (C:\Users\Max\AppData\Local\Programs\MiKTeX\tex/latex/kvoptions\kvoptions.sty
Package: kvoptions 2022-06-15 v3.15 Key value format for package options (HO)
))
\c@section@level=\count274
) (C:\Users\Max\AppData\Local\Programs\MiKTeX\tex/latex/etoolbox\etoolbox.sty
Package: etoolbox 2025/02/11 v2.5l e-TeX tools for LaTeX (JAW)
\etb@tempcnta=\count275
) (C:\Users\Max\AppData\Local\Programs\MiKTeX\tex/generic/stringenc\stringenc.sty
Package: stringenc 2019/11/29 v1.12 Convert strings between diff. encodings (HO)
)
\@linkdim=\dimen155
\Hy@linkcounter=\count276
\Hy@pagecounter=\count277
 (C:\Users\Max\AppData\Local\Programs\MiKTeX\tex/latex/hyperref\pd1enc.def
File: pd1enc.def 2024-11-05 v7.01l Hyperref: PDFDocEncoding definition (HO)
Now handling font encoding PD1 ...
... no UTF-8 mapping file for font encoding PD1
) (C:\Users\Max\AppData\Local\Programs\MiKTeX\tex/generic/intcalc\intcalc.sty
Package: intcalc 2019/12/15 v1.3 Expandable calculations with integers (HO)
)
\Hy@SavedSpaceFactor=\count278
 (C:\Users\Max\AppData\Local\Programs\MiKTeX\tex/latex/hyperref\puenc.def
File: puenc.def 2024-11-05 v7.01l Hyperref: PDF Unicode definition (HO)
Now handling font encoding PU ...
... no UTF-8 mapping file for font encoding PU
)
Package hyperref Info: Hyper figures OFF on input line 4157.
Package hyperref Info: Link nesting OFF on input line 4162.
Package hyperref Info: Hyper index ON on input line 4165.
Package hyperref Info: Plain pages OFF on input line 4172.
Package hyperref Info: Backreferencing OFF on input line 4177.
Package hyperref Info: Implicit mode ON; LaTeX internals redefined.
Package hyperref Info: Bookmarks ON on input line 4424.
\c@Hy@tempcnt=\count279
 (C:\Users\Max\AppData\Local\Programs\MiKTeX\tex/latex/url\url.sty
\Urlmuskip=\muskip17
Package: url 2013/09/16  ver 3.4  Verb mode for urls, etc.
)
LaTeX Info: Redefining \url on input line 4763.
\XeTeXLinkMargin=\dimen156
 (C:\Users\Max\AppData\Local\Programs\MiKTeX\tex/generic/bitset\bitset.sty
Package: bitset 2019/12/09 v1.3 Handle bit-vector datatype (HO)
 (C:\Users\Max\AppData\Local\Programs\MiKTeX\tex/generic/bigintcalc\bigintcalc.sty
Package: bigintcalc 2019/12/15 v1.5 Expandable calculations on big integers (HO)
))
\Fld@menulength=\count280
\Field@Width=\dimen157
\Fld@charsize=\dimen158
Package hyperref Info: Hyper figures OFF on input line 6042.
Package hyperref Info: Link nesting OFF on input line 6047.
Package hyperref Info: Hyper index ON on input line 6050.
Package hyperref Info: backreferencing OFF on input line 6057.
Package hyperref Info: Link coloring OFF on input line 6062.
Package hyperref Info: Link coloring with OCG OFF on input line 6067.
Package hyperref Info: PDF/A mode OFF on input line 6072.
 (C:\Users\Max\AppData\Local\Programs\MiKTeX\tex/latex/base\atbegshi-ltx.sty
Package: atbegshi-ltx 2021/01/10 v1.0c Emulation of the original atbegshi
package with kernel methods
)
\Hy@abspage=\count281
\c@Item=\count282
\c@Hfootnote=\count283
)
Package hyperref Info: Driver (autodetected): hpdftex.
 (C:\Users\Max\AppData\Local\Programs\MiKTeX\tex/latex/hyperref\hpdftex.def
File: hpdftex.def 2024-11-05 v7.01l Hyperref driver for pdfTeX
 (C:\Users\Max\AppData\Local\Programs\MiKTeX\tex/latex/base\atveryend-ltx.sty
Package: atveryend-ltx 2020/08/19 v1.0a Emulation of the original atveryend package
with kernel methods
)
\Fld@listcount=\count284
\c@bookmark@seq@number=\count285
 (C:\Users\Max\AppData\Local\Programs\MiKTeX\tex/latex/rerunfilecheck\rerunfilecheck.sty
Package: rerunfilecheck 2022-07-10 v1.10 Rerun checks for auxiliary files (HO)
 (C:\Users\Max\AppData\Local\Programs\MiKTeX\tex/generic/uniquecounter\uniquecounter.sty
Package: uniquecounter 2019/12/15 v1.4 Provide unlimited unique counter (HO)
)
Package uniquecounter Info: New unique counter `rerunfilecheck' on input line 285.
)
\Hy@SectionHShift=\skip53
) (C:\Users\Max\AppData\Local\Programs\MiKTeX\tex/latex/booktabs\booktabs.sty
Package: booktabs 2020/01/12 v1.61803398 Publication quality tables
\heavyrulewidth=\dimen159
\lightrulewidth=\dimen160
\cmidrulewidth=\dimen161
\belowrulesep=\dimen162
\belowbottomsep=\dimen163
\aboverulesep=\dimen164
\abovetopsep=\dimen165
\cmidrulesep=\dimen166
\cmidrulekern=\dimen167
\defaultaddspace=\dimen168
\@cmidla=\count286
\@cmidlb=\count287
\@aboverulesep=\dimen169
\@belowrulesep=\dimen170
\@thisruleclass=\count288
\@lastruleclass=\count289
\@thisrulewidth=\dimen171
) (C:\Users\Max\AppData\Local\Programs\MiKTeX\tex/latex/amsfonts\amsfonts.sty
Package: amsfonts 2013/01/14 v3.01 Basic AMSFonts support
\@emptytoks=\toks22
\symAMSa=\mathgroup4
\symAMSb=\mathgroup5
LaTeX Font Info:    Redeclaring math symbol \hbar on input line 98.
LaTeX Font Info:    Overwriting math alphabet `\mathfrak' in version `bold'
(Font)                  U/euf/m/n --> U/euf/b/n on input line 106.
) (C:\Users\Max\AppData\Local\Programs\MiKTeX\tex/latex/units\nicefrac.sty
Package: nicefrac 1998/08/04 v0.9b Nice fractions
\L@UnitsRaiseDisplaystyle=\skip54
\L@UnitsRaiseTextstyle=\skip55
\L@UnitsRaiseScriptstyle=\skip56
 (C:\Users\Max\AppData\Local\Programs\MiKTeX\tex/latex/base\ifthen.sty
Package: ifthen 2024/03/16 v1.1e Standard LaTeX ifthen package (DPC)
)) (C:\Users\Max\AppData\Local\Programs\MiKTeX\tex/latex/microtype\microtype.sty
Package: microtype 2025/02/11 v3.2a Micro-typographical refinements (RS)
\MT@toks=\toks23
\MT@tempbox=\box53
\MT@count=\count290
LaTeX Info: Redefining \noprotrusionifhmode on input line 1087.
LaTeX Info: Redefining \leftprotrusion on input line 1088.
\MT@prot@toks=\toks24
LaTeX Info: Redefining \rightprotrusion on input line 1107.
LaTeX Info: Redefining \textls on input line 1449.
\MT@outer@kern=\dimen172
LaTeX Info: Redefining \microtypecontext on input line 2053.
LaTeX Info: Redefining \textmicrotypecontext on input line 2070.
\MT@listname@count=\count291
 (C:\Users\Max\AppData\Local\Programs\MiKTeX\tex/latex/microtype\microtype-pdftex.def
File: microtype-pdftex.def 2025/02/11 v3.2a Definitions specific to pdftex (RS)
LaTeX Info: Redefining \lsstyle on input line 944.
LaTeX Info: Redefining \lslig on input line 944.
\MT@outer@space=\skip57
)
Package microtype Info: Loading configuration file microtype.cfg.
 (C:\Users\Max\AppData\Local\Programs\MiKTeX\tex/latex/microtype\microtype.cfg
File: microtype.cfg 2025/02/11 v3.2a microtype main configuration file (RS)
)
LaTeX Info: Redefining \microtypesetup on input line 3065.
) (C:\Users\Max\AppData\Local\Programs\MiKTeX\tex/latex/xcolor\xcolor.sty
Package: xcolor 2024/09/29 v3.02 LaTeX color extensions (UK)
 (C:\Users\Max\AppData\Local\Programs\MiKTeX\tex/latex/graphics-cfg\color.cfg
File: color.cfg 2016/01/02 v1.6 sample color configuration
)
Package xcolor Info: Driver file: pdftex.def on input line 274.
 (C:\Users\Max\AppData\Local\Programs\MiKTeX\tex/latex/graphics-def\pdftex.def
File: pdftex.def 2024/04/13 v1.2c Graphics/color driver for pdftex
) (C:\Users\Max\AppData\Local\Programs\MiKTeX\tex/latex/graphics\mathcolor.ltx)
Package xcolor Info: Model `cmy' substituted by `cmy0' on input line 1349.
Package xcolor Info: Model `hsb' substituted by `rgb' on input line 1353.
Package xcolor Info: Model `RGB' extended on input line 1365.
Package xcolor Info: Model `HTML' substituted by `rgb' on input line 1367.
Package xcolor Info: Model `Hsb' substituted by `hsb' on input line 1368.
Package xcolor Info: Model `tHsb' substituted by `hsb' on input line 1369.
Package xcolor Info: Model `HSB' substituted by `hsb' on input line 1370.
Package xcolor Info: Model `Gray' substituted by `gray' on input line 1371.
Package xcolor Info: Model `wave' substituted by `hsb' on input line 1372.
) (C:\Users\Max\AppData\Local\Programs\MiKTeX\tex/latex/adjustbox\adjustbox.sty
Package: adjustbox 2025/02/26 v1.3c Adjusting TeX boxes (trim, clip, ...)
 (C:\Users\Max\AppData\Local\Programs\MiKTeX\tex/latex/xkeyval\xkeyval.sty
Package: xkeyval 2022/06/16 v2.9 package option processing (HA)
 (C:\Users\Max\AppData\Local\Programs\MiKTeX\tex/generic/xkeyval\xkeyval.tex (C:\Users\Max\AppData\Local\Programs\MiKTeX\tex/generic/xkeyval\xkvutils.tex
\XKV@toks=\toks25
\XKV@tempa@toks=\toks26
)
\XKV@depth=\count292
File: xkeyval.tex 2014/12/03 v2.7a key=value parser (HA)
)) (C:\Users\Max\AppData\Local\Programs\MiKTeX\tex/latex/adjustbox\adjcalc.sty
Package: adjcalc 2012/05/16 v1.1 Provides advanced setlength with multiple back-ends (calc, etex, pgfmath)
) (C:\Users\Max\AppData\Local\Programs\MiKTeX\tex/latex/adjustbox\trimclip.sty
Package: trimclip 2025/02/21 v1.2a Trim and clip general TeX material
 (C:\Users\Max\AppData\Local\Programs\MiKTeX\tex/latex/graphics\graphicx.sty
Package: graphicx 2021/09/16 v1.2d Enhanced LaTeX Graphics (DPC,SPQR)
 (C:\Users\Max\AppData\Local\Programs\MiKTeX\tex/latex/graphics\graphics.sty
Package: graphics 2024/08/06 v1.4g Standard LaTeX Graphics (DPC,SPQR)
 (C:\Users\Max\AppData\Local\Programs\MiKTeX\tex/latex/graphics\trig.sty
Package: trig 2023/12/02 v1.11 sin cos tan (DPC)
) (C:\Users\Max\AppData\Local\Programs\MiKTeX\tex/latex/graphics-cfg\graphics.cfg
File: graphics.cfg 2016/06/04 v1.11 sample graphics configuration
)
Package graphics Info: Driver file: pdftex.def on input line 106.
)
\Gin@req@height=\dimen173
\Gin@req@width=\dimen174
) (C:\Users\Max\AppData\Local\Programs\MiKTeX\tex/latex/collectbox\collectbox.sty
Package: collectbox 2022/10/17 v0.4c Collect macro arguments as boxes
\collectedbox=\box54
)
\tc@llx=\dimen175
\tc@lly=\dimen176
\tc@urx=\dimen177
\tc@ury=\dimen178
Package trimclip Info: Using driver 'tc-pdftex.def'.
 (C:\Users\Max\AppData\Local\Programs\MiKTeX\tex/latex/adjustbox\tc-pdftex.def
File: tc-pdftex.def 2025/02/26 v2.3 Clipping driver for pdftex
))
\adjbox@Width=\dimen179
\adjbox@Height=\dimen180
\adjbox@Depth=\dimen181
\adjbox@Totalheight=\dimen182
\adjbox@pwidth=\dimen183
\adjbox@pheight=\dimen184
\adjbox@pdepth=\dimen185
\adjbox@ptotalheight=\dimen186
 (C:\Users\Max\AppData\Local\Programs\MiKTeX\tex/latex/ifoddpage\ifoddpage.sty
Package: ifoddpage 2022/10/18 v1.2 Conditionals for odd/even page detection
\c@checkoddpage=\count293
) (C:\Users\Max\AppData\Local\Programs\MiKTeX\tex/latex/varwidth\varwidth.sty
Package: varwidth 2009/03/30 ver 0.92;  Variable-width minipages
\@vwid@box=\box55
\sift@deathcycles=\count294
\@vwid@loff=\dimen187
\@vwid@roff=\dimen188
)) (C:\Users\Max\AppData\Local\Programs\MiKTeX\tex/latex/pgf/frontendlayer\tikz.sty (C:\Users\Max\AppData\Local\Programs\MiKTeX\tex/latex/pgf/basiclayer\pgf.sty (C:\Users\Max\AppData\Local\Programs\MiKTeX\tex/latex/pgf/utilities\pgfrcs.sty (C:\Users\Max\AppData\Local\Programs\MiKTeX\tex/generic/pgf/utilities\pgfutil-common.tex
\pgfutil@everybye=\toks27
\pgfutil@tempdima=\dimen189
\pgfutil@tempdimb=\dimen190
) (C:\Users\Max\AppData\Local\Programs\MiKTeX\tex/generic/pgf/utilities\pgfutil-latex.def
\pgfutil@abb=\box56
) (C:\Users\Max\AppData\Local\Programs\MiKTeX\tex/generic/pgf/utilities\pgfrcs.code.tex (C:\Users\Max\AppData\Local\Programs\MiKTeX\tex/generic/pgf\pgf.revision.tex)
Package: pgfrcs 2023-01-15 v3.1.10 (3.1.10)
))
Package: pgf 2023-01-15 v3.1.10 (3.1.10)
 (C:\Users\Max\AppData\Local\Programs\MiKTeX\tex/latex/pgf/basiclayer\pgfcore.sty (C:\Users\Max\AppData\Local\Programs\MiKTeX\tex/latex/pgf/systemlayer\pgfsys.sty (C:\Users\Max\AppData\Local\Programs\MiKTeX\tex/generic/pgf/systemlayer\pgfsys.code.tex
Package: pgfsys 2023-01-15 v3.1.10 (3.1.10)
 (C:\Users\Max\AppData\Local\Programs\MiKTeX\tex/generic/pgf/utilities\pgfkeys.code.tex
\pgfkeys@pathtoks=\toks28
\pgfkeys@temptoks=\toks29
 (C:\Users\Max\AppData\Local\Programs\MiKTeX\tex/generic/pgf/utilities\pgfkeyslibraryfiltered.code.tex
\pgfkeys@tmptoks=\toks30
))
\pgf@x=\dimen191
\pgf@y=\dimen192
\pgf@xa=\dimen193
\pgf@ya=\dimen194
\pgf@xb=\dimen195
\pgf@yb=\dimen196
\pgf@xc=\dimen197
\pgf@yc=\dimen198
\pgf@xd=\dimen199
\pgf@yd=\dimen256
\w@pgf@writea=\write3
\r@pgf@reada=\read2
\c@pgf@counta=\count295
\c@pgf@countb=\count296
\c@pgf@countc=\count297
\c@pgf@countd=\count298
\t@pgf@toka=\toks31
\t@pgf@tokb=\toks32
\t@pgf@tokc=\toks33
\pgf@sys@id@count=\count299
 (C:\Users\Max\AppData\Local\Programs\MiKTeX\tex/generic/pgf/systemlayer\pgf.cfg
File: pgf.cfg 2023-01-15 v3.1.10 (3.1.10)
)
Driver file for pgf: pgfsys-pdftex.def
 (C:\Users\Max\AppData\Local\Programs\MiKTeX\tex/generic/pgf/systemlayer\pgfsys-pdftex.def
File: pgfsys-pdftex.def 2023-01-15 v3.1.10 (3.1.10)
 (C:\Users\Max\AppData\Local\Programs\MiKTeX\tex/generic/pgf/systemlayer\pgfsys-common-pdf.def
File: pgfsys-common-pdf.def 2023-01-15 v3.1.10 (3.1.10)
))) (C:\Users\Max\AppData\Local\Programs\MiKTeX\tex/generic/pgf/systemlayer\pgfsyssoftpath.code.tex
File: pgfsyssoftpath.code.tex 2023-01-15 v3.1.10 (3.1.10)
\pgfsyssoftpath@smallbuffer@items=\count300
\pgfsyssoftpath@bigbuffer@items=\count301
) (C:\Users\Max\AppData\Local\Programs\MiKTeX\tex/generic/pgf/systemlayer\pgfsysprotocol.code.tex
File: pgfsysprotocol.code.tex 2023-01-15 v3.1.10 (3.1.10)
)) (C:\Users\Max\AppData\Local\Programs\MiKTeX\tex/generic/pgf/basiclayer\pgfcore.code.tex
Package: pgfcore 2023-01-15 v3.1.10 (3.1.10)
 (C:\Users\Max\AppData\Local\Programs\MiKTeX\tex/generic/pgf/math\pgfmath.code.tex (C:\Users\Max\AppData\Local\Programs\MiKTeX\tex/generic/pgf/math\pgfmathutil.code.tex) (C:\Users\Max\AppData\Local\Programs\MiKTeX\tex/generic/pgf/math\pgfmathparser.code.tex
\pgfmath@dimen=\dimen257
\pgfmath@count=\count302
\pgfmath@box=\box57
\pgfmath@toks=\toks34
\pgfmath@stack@operand=\toks35
\pgfmath@stack@operation=\toks36
) (C:\Users\Max\AppData\Local\Programs\MiKTeX\tex/generic/pgf/math\pgfmathfunctions.code.tex) (C:\Users\Max\AppData\Local\Programs\MiKTeX\tex/generic/pgf/math\pgfmathfunctions.basic.code.tex) (C:\Users\Max\AppData\Local\Programs\MiKTeX\tex/generic/pgf/math\pgfmathfunctions.trigonometric.code.tex) (C:\Users\Max\AppData\Local\Programs\MiKTeX\tex/generic/pgf/math\pgfmathfunctions.random.code.tex) (C:\Users\Max\AppData\Local\Programs\MiKTeX\tex/generic/pgf/math\pgfmathfunctions.comparison.code.tex) (C:\Users\Max\AppData\Local\Programs\MiKTeX\tex/generic/pgf/math\pgfmathfunctions.base.code.tex) (C:\Users\Max\AppData\Local\Programs\MiKTeX\tex/generic/pgf/math\pgfmathfunctions.round.code.tex) (C:\Users\Max\AppData\Local\Programs\MiKTeX\tex/generic/pgf/math\pgfmathfunctions.misc.code.tex) (C:\Users\Max\AppData\Local\Programs\MiKTeX\tex/generic/pgf/math\pgfmathfunctions.integerarithmetics.code.tex) (C:\Users\Max\AppData\Local\Programs\MiKTeX\tex/generic/pgf/math\pgfmathcalc.code.tex) (C:\Users\Max\AppData\Local\Programs\MiKTeX\tex/generic/pgf/math\pgfmathfloat.code.tex
\c@pgfmathroundto@lastzeros=\count303
)) (C:\Users\Max\AppData\Local\Programs\MiKTeX\tex/generic/pgf/math\pgfint.code.tex) (C:\Users\Max\AppData\Local\Programs\MiKTeX\tex/generic/pgf/basiclayer\pgfcorepoints.code.tex
File: pgfcorepoints.code.tex 2023-01-15 v3.1.10 (3.1.10)
\pgf@picminx=\dimen258
\pgf@picmaxx=\dimen259
\pgf@picminy=\dimen260
\pgf@picmaxy=\dimen261
\pgf@pathminx=\dimen262
\pgf@pathmaxx=\dimen263
\pgf@pathminy=\dimen264
\pgf@pathmaxy=\dimen265
\pgf@xx=\dimen266
\pgf@xy=\dimen267
\pgf@yx=\dimen268
\pgf@yy=\dimen269
\pgf@zx=\dimen270
\pgf@zy=\dimen271
) (C:\Users\Max\AppData\Local\Programs\MiKTeX\tex/generic/pgf/basiclayer\pgfcorepathconstruct.code.tex
File: pgfcorepathconstruct.code.tex 2023-01-15 v3.1.10 (3.1.10)
\pgf@path@lastx=\dimen272
\pgf@path@lasty=\dimen273
) (C:\Users\Max\AppData\Local\Programs\MiKTeX\tex/generic/pgf/basiclayer\pgfcorepathusage.code.tex
File: pgfcorepathusage.code.tex 2023-01-15 v3.1.10 (3.1.10)
\pgf@shorten@end@additional=\dimen274
\pgf@shorten@start@additional=\dimen275
) (C:\Users\Max\AppData\Local\Programs\MiKTeX\tex/generic/pgf/basiclayer\pgfcorescopes.code.tex
File: pgfcorescopes.code.tex 2023-01-15 v3.1.10 (3.1.10)
\pgfpic=\box58
\pgf@hbox=\box59
\pgf@layerbox@main=\box60
\pgf@picture@serial@count=\count304
) (C:\Users\Max\AppData\Local\Programs\MiKTeX\tex/generic/pgf/basiclayer\pgfcoregraphicstate.code.tex
File: pgfcoregraphicstate.code.tex 2023-01-15 v3.1.10 (3.1.10)
\pgflinewidth=\dimen276
) (C:\Users\Max\AppData\Local\Programs\MiKTeX\tex/generic/pgf/basiclayer\pgfcoretransformations.code.tex
File: pgfcoretransformations.code.tex 2023-01-15 v3.1.10 (3.1.10)
\pgf@pt@x=\dimen277
\pgf@pt@y=\dimen278
\pgf@pt@temp=\dimen279
) (C:\Users\Max\AppData\Local\Programs\MiKTeX\tex/generic/pgf/basiclayer\pgfcorequick.code.tex
File: pgfcorequick.code.tex 2023-01-15 v3.1.10 (3.1.10)
) (C:\Users\Max\AppData\Local\Programs\MiKTeX\tex/generic/pgf/basiclayer\pgfcoreobjects.code.tex
File: pgfcoreobjects.code.tex 2023-01-15 v3.1.10 (3.1.10)
) (C:\Users\Max\AppData\Local\Programs\MiKTeX\tex/generic/pgf/basiclayer\pgfcorepathprocessing.code.tex
File: pgfcorepathprocessing.code.tex 2023-01-15 v3.1.10 (3.1.10)
) (C:\Users\Max\AppData\Local\Programs\MiKTeX\tex/generic/pgf/basiclayer\pgfcorearrows.code.tex
File: pgfcorearrows.code.tex 2023-01-15 v3.1.10 (3.1.10)
\pgfarrowsep=\dimen280
) (C:\Users\Max\AppData\Local\Programs\MiKTeX\tex/generic/pgf/basiclayer\pgfcoreshade.code.tex
File: pgfcoreshade.code.tex 2023-01-15 v3.1.10 (3.1.10)
\pgf@max=\dimen281
\pgf@sys@shading@range@num=\count305
\pgf@shadingcount=\count306
) (C:\Users\Max\AppData\Local\Programs\MiKTeX\tex/generic/pgf/basiclayer\pgfcoreimage.code.tex
File: pgfcoreimage.code.tex 2023-01-15 v3.1.10 (3.1.10)
) (C:\Users\Max\AppData\Local\Programs\MiKTeX\tex/generic/pgf/basiclayer\pgfcoreexternal.code.tex
File: pgfcoreexternal.code.tex 2023-01-15 v3.1.10 (3.1.10)
\pgfexternal@startupbox=\box61
) (C:\Users\Max\AppData\Local\Programs\MiKTeX\tex/generic/pgf/basiclayer\pgfcorelayers.code.tex
File: pgfcorelayers.code.tex 2023-01-15 v3.1.10 (3.1.10)
) (C:\Users\Max\AppData\Local\Programs\MiKTeX\tex/generic/pgf/basiclayer\pgfcoretransparency.code.tex
File: pgfcoretransparency.code.tex 2023-01-15 v3.1.10 (3.1.10)
) (C:\Users\Max\AppData\Local\Programs\MiKTeX\tex/generic/pgf/basiclayer\pgfcorepatterns.code.tex
File: pgfcorepatterns.code.tex 2023-01-15 v3.1.10 (3.1.10)
) (C:\Users\Max\AppData\Local\Programs\MiKTeX\tex/generic/pgf/basiclayer\pgfcorerdf.code.tex
File: pgfcorerdf.code.tex 2023-01-15 v3.1.10 (3.1.10)
))) (C:\Users\Max\AppData\Local\Programs\MiKTeX\tex/generic/pgf/modules\pgfmoduleshapes.code.tex
File: pgfmoduleshapes.code.tex 2023-01-15 v3.1.10 (3.1.10)
\pgfnodeparttextbox=\box62
) (C:\Users\Max\AppData\Local\Programs\MiKTeX\tex/generic/pgf/modules\pgfmoduleplot.code.tex
File: pgfmoduleplot.code.tex 2023-01-15 v3.1.10 (3.1.10)
) (C:\Users\Max\AppData\Local\Programs\MiKTeX\tex/latex/pgf/compatibility\pgfcomp-version-0-65.sty
Package: pgfcomp-version-0-65 2023-01-15 v3.1.10 (3.1.10)
\pgf@nodesepstart=\dimen282
\pgf@nodesepend=\dimen283
) (C:\Users\Max\AppData\Local\Programs\MiKTeX\tex/latex/pgf/compatibility\pgfcomp-version-1-18.sty
Package: pgfcomp-version-1-18 2023-01-15 v3.1.10 (3.1.10)
)) (C:\Users\Max\AppData\Local\Programs\MiKTeX\tex/latex/pgf/utilities\pgffor.sty (C:\Users\Max\AppData\Local\Programs\MiKTeX\tex/latex/pgf/utilities\pgfkeys.sty
(C:\Users\Max\AppData\Local\Programs\MiKTeX\tex/generic/pgf/utilities\pgfkeys.code.tex)) (C:\Users\Max\AppData\Local\Programs\MiKTeX\tex/latex/pgf/math\pgfmath.sty (C:\Users\Max\AppData\Local\Programs\MiKTeX\tex/generic/pgf/math\pgfmath.code.tex)) (C:\Users\Max\AppData\Local\Programs\MiKTeX\tex/generic/pgf/utilities\pgffor.code.tex
Package: pgffor 2023-01-15 v3.1.10 (3.1.10)
\pgffor@iter=\dimen284
\pgffor@skip=\dimen285
\pgffor@stack=\toks37
\pgffor@toks=\toks38
)) (C:\Users\Max\AppData\Local\Programs\MiKTeX\tex/generic/pgf/frontendlayer/tikz\tikz.code.tex
Package: tikz 2023-01-15 v3.1.10 (3.1.10)
 (C:\Users\Max\AppData\Local\Programs\MiKTeX\tex/generic/pgf/libraries\pgflibraryplothandlers.code.tex
File: pgflibraryplothandlers.code.tex 2023-01-15 v3.1.10 (3.1.10)
\pgf@plot@mark@count=\count307
\pgfplotmarksize=\dimen286
)
\tikz@lastx=\dimen287
\tikz@lasty=\dimen288
\tikz@lastxsaved=\dimen289
\tikz@lastysaved=\dimen290
\tikz@lastmovetox=\dimen291
\tikz@lastmovetoy=\dimen292
\tikzleveldistance=\dimen293
\tikzsiblingdistance=\dimen294
\tikz@figbox=\box63
\tikz@figbox@bg=\box64
\tikz@tempbox=\box65
\tikz@tempbox@bg=\box66
\tikztreelevel=\count308
\tikznumberofchildren=\count309
\tikznumberofcurrentchild=\count310
\tikz@fig@count=\count311
 (C:\Users\Max\AppData\Local\Programs\MiKTeX\tex/generic/pgf/modules\pgfmodulematrix.code.tex
File: pgfmodulematrix.code.tex 2023-01-15 v3.1.10 (3.1.10)
\pgfmatrixcurrentrow=\count312
\pgfmatrixcurrentcolumn=\count313
\pgf@matrix@numberofcolumns=\count314
)
\tikz@expandcount=\count315
 (C:\Users\Max\AppData\Local\Programs\MiKTeX\tex/generic/pgf/frontendlayer/tikz/libraries\tikzlibrarytopaths.code.tex
File: tikzlibrarytopaths.code.tex 2023-01-15 v3.1.10 (3.1.10)
))) (C:\Users\Max\AppData\Local\Programs\MiKTeX\tex/latex/import\import.sty
Package: import 2020/04/01  v 6.2
) (C:\Users\Max\AppData\Local\Programs\MiKTeX\tex/generic/pgf/frontendlayer/tikz/libraries\tikzlibrarypositioning.code.tex
File: tikzlibrarypositioning.code.tex 2023-01-15 v3.1.10 (3.1.10)
) (C:\Users\Max\AppData\Local\Programs\MiKTeX\tex/generic/pgf/frontendlayer/tikz/libraries\tikzlibrary3d.code.tex
File: tikzlibrary3d.code.tex 2023-01-15 v3.1.10 (3.1.10)
) (Ball.sty
Package: Ball 
) (Box.sty
Package: Box 
) (RightBandedBox.sty
Package: RightBandedBox 
) (C:\Users\Max\AppData\Local\Programs\MiKTeX\tex/generic/pgf/frontendlayer/tikz/libraries\tikzlibraryquotes.code.tex
File: tikzlibraryquotes.code.tex 2023-01-15 v3.1.10 (3.1.10)
) (C:\Users\Max\AppData\Local\Programs\MiKTeX\tex/generic/pgf/libraries\pgflibraryarrows.meta.code.tex
File: pgflibraryarrows.meta.code.tex 2023-01-15 v3.1.10 (3.1.10)
\pgfarrowinset=\dimen295
\pgfarrowlength=\dimen296
\pgfarrowwidth=\dimen297
\pgfarrowlinewidth=\dimen298
) (C:\Users\Max\AppData\Local\Programs\MiKTeX\tex/latex/caption\subcaption.sty
Package: subcaption 2023/07/28 v1.6b Sub-captions (AR)
 (C:\Users\Max\AppData\Local\Programs\MiKTeX\tex/latex/caption\caption.sty
Package: caption 2023/08/05 v3.6o Customizing captions (AR)
 (C:\Users\Max\AppData\Local\Programs\MiKTeX\tex/latex/caption\caption3.sty
Package: caption3 2023/07/31 v2.4d caption3 kernel (AR)
\caption@tempdima=\dimen299
\captionmargin=\dimen300
\caption@leftmargin=\dimen301
\caption@rightmargin=\dimen302
\caption@width=\dimen303
\caption@indent=\dimen304
\caption@parindent=\dimen305
\caption@hangindent=\dimen306
Package caption Info: Standard document class detected.
)
\c@caption@flags=\count316
\c@continuedfloat=\count317
Package caption Info: hyperref package is loaded.
)
Package caption Info: New subtype `subfigure' on input line 238.
\c@subfigure=\count318
Package caption Info: New subtype `subtable' on input line 238.
\c@subtable=\count319
) (C:\Users\Max\AppData\Local\Programs\MiKTeX\tex/latex/l3backend\l3backend-pdftex.def
File: l3backend-pdftex.def 2025-03-14 L3 backend support: PDF output (pdfTeX)
\l__color_backend_stack_int=\count320
) (writeup.aux)
\openout1 = `writeup.aux'.

LaTeX Font Info:    Checking defaults for OML/cmm/m/it on input line 35.
LaTeX Font Info:    ... okay on input line 35.
LaTeX Font Info:    Checking defaults for OMS/cmsy/m/n on input line 35.
LaTeX Font Info:    ... okay on input line 35.
LaTeX Font Info:    Checking defaults for OT1/cmr/m/n on input line 35.
LaTeX Font Info:    ... okay on input line 35.
LaTeX Font Info:    Checking defaults for T1/cmr/m/n on input line 35.
LaTeX Font Info:    ... okay on input line 35.
LaTeX Font Info:    Checking defaults for TS1/cmr/m/n on input line 35.
LaTeX Font Info:    ... okay on input line 35.
LaTeX Font Info:    Checking defaults for OMX/cmex/m/n on input line 35.
LaTeX Font Info:    ... okay on input line 35.
LaTeX Font Info:    Checking defaults for U/cmr/m/n on input line 35.
LaTeX Font Info:    ... okay on input line 35.
LaTeX Font Info:    Checking defaults for PD1/pdf/m/n on input line 35.
LaTeX Font Info:    ... okay on input line 35.
LaTeX Font Info:    Checking defaults for PU/pdf/m/n on input line 35.
LaTeX Font Info:    ... okay on input line 35.

*geometry* driver: auto-detecting
*geometry* detected driver: pdftex
*geometry* verbose mode - [ preamble ] result:
* driver: pdftex
* paper: letterpaper
* layout: <same size as paper>
* layoutoffset:(h,v)=(0.0pt,0.0pt)
* modes: 
* h-part:(L,W,R)=(92.14519pt, 430.00462pt, 92.14519pt)
* v-part:(T,H,B)=(95.39737pt, 556.47656pt, 143.09605pt)
* \paperwidth=614.295pt
* \paperheight=794.96999pt
* \textwidth=430.00462pt
* \textheight=556.47656pt
* \oddsidemargin=19.8752pt
* \evensidemargin=19.8752pt
* \topmargin=-13.87262pt
* \headheight=12.0pt
* \headsep=25.0pt
* \topskip=10.0pt
* \footskip=30.0pt
* \marginparwidth=65.0pt
* \marginparsep=11.0pt
* \columnsep=10.0pt
* \skip\footins=9.0pt plus 4.0pt minus 2.0pt
* \hoffset=0.0pt
* \voffset=0.0pt
* \mag=1000
* \@twocolumnfalse
* \@twosidefalse
* \@mparswitchfalse
* \@reversemarginfalse
* (1in=72.27pt=25.4mm, 1cm=28.453pt)

*geometry* verbose mode - [ newgeometry ] result:
* driver: pdftex
* paper: letterpaper
* layout: <same size as paper>
* layoutoffset:(h,v)=(0.0pt,0.0pt)
* modes: 
* h-part:(L,W,R)=(108.405pt, 397.48499pt, 108.40501pt)
* v-part:(T,H,B)=(72.26999pt, 650.43pt, 72.27pt)
* \paperwidth=614.295pt
* \paperheight=794.96999pt
* \textwidth=397.48499pt
* \textheight=650.43pt
* \oddsidemargin=36.13501pt
* \evensidemargin=36.13501pt
* \topmargin=-37.0pt
* \headheight=12.0pt
* \headsep=25.0pt
* \topskip=10.0pt
* \footskip=30.0pt
* \marginparwidth=65.0pt
* \marginparsep=11.0pt
* \columnsep=10.0pt
* \skip\footins=9.0pt plus 4.0pt minus 2.0pt
* \hoffset=0.0pt
* \voffset=0.0pt
* \mag=1000
* \@twocolumnfalse
* \@twosidefalse
* \@mparswitchfalse
* \@reversemarginfalse
* (1in=72.27pt=25.4mm, 1cm=28.453pt)

Package hyperref Info: Link coloring OFF on input line 35.
\@outlinefile=\write4
\openout4 = `writeup.out'.

Package microtype Info: Patching varwidth to enable character protrusion.
\MT@vwid@leftmargin=\dimen307
\MT@vwid@rightmargin=\dimen308
LaTeX Info: Redefining \microtypecontext on input line 35.
Package microtype Info: Applying patch `item' on input line 35.
Package microtype Info: Applying patch `toc' on input line 35.
Package microtype Info: Applying patch `eqnum' on input line 35.
Package microtype Info: Applying patch `footnote' on input line 35.
Package microtype Info: Applying patch `verbatim' on input line 35.
LaTeX Info: Redefining \microtypesetup on input line 35.
Package microtype Info: Generating PDF output.
Package microtype Info: Character protrusion enabled (level 2).
Package microtype Info: Using default protrusion set `alltext'.
Package microtype Info: Automatic font expansion enabled (level 2),
(microtype)             stretch: 20, shrink: 20, step: 1, non-selected.
Package microtype Info: Using default expansion set `alltext-nott'.
LaTeX Info: Redefining \showhyphens on input line 35.
Package microtype Info: No adjustment of tracking.
Package microtype Info: No adjustment of interword spacing.
Package microtype Info: No adjustment of character kerning.
(C:\Users\Max\AppData\Local\Programs\MiKTeX\tex/latex/microtype\mt-ptm.cfg
File: mt-ptm.cfg 2006/04/20 v1.7 microtype config. file: Times (RS)
) (C:\Users\Max\AppData\Local\Programs\MiKTeX\tex/context/base/mkii\supp-pdf.mkii
[Loading MPS to PDF converter (version 2006.09.02).]
\scratchcounter=\count321
\scratchdimen=\dimen309
\scratchbox=\box67
\nofMPsegments=\count322
\nofMParguments=\count323
\everyMPshowfont=\toks39
\MPscratchCnt=\count324
\MPscratchDim=\dimen310
\MPnumerator=\count325
\makeMPintoPDFobject=\count326
\everyMPtoPDFconversion=\toks40
) (C:\Users\Max\AppData\Local\Programs\MiKTeX\tex/latex/epstopdf-pkg\epstopdf-base.sty
Package: epstopdf-base 2020-01-24 v2.11 Base part for package epstopdf
Package epstopdf-base Info: Redefining graphics rule for `.eps' on input line 485.
 (C:\Users\Max\AppData\Local\Programs\MiKTeX\tex/latex/00miktex\epstopdf-sys.cfg
File: epstopdf-sys.cfg 2021/03/18 v2.0 Configuration of epstopdf for MiKTeX
))
Package caption Info: Begin \AtBeginDocument code.
Package caption Info: End \AtBeginDocument code.
 (C:\Users\Max\AppData\Local\Programs\MiKTeX\tex/latex/microtype\mt-cmr.cfg
File: mt-cmr.cfg 2013/05/19 v2.2 microtype config. file: Computer Modern Roman (RS)
)
LaTeX Font Info:    Trying to load font information for U+msa on input line 38.
 (C:\Users\Max\AppData\Local\Programs\MiKTeX\tex/latex/amsfonts\umsa.fd
File: umsa.fd 2013/01/14 v3.01 AMS symbols A
) (C:\Users\Max\AppData\Local\Programs\MiKTeX\tex/latex/microtype\mt-msa.cfg
File: mt-msa.cfg 2006/02/04 v1.1 microtype config. file: AMS symbols (a) (RS)
)
LaTeX Font Info:    Trying to load font information for U+msb on input line 38.
 (C:\Users\Max\AppData\Local\Programs\MiKTeX\tex/latex/amsfonts\umsb.fd
File: umsb.fd 2013/01/14 v3.01 AMS symbols B
) (C:\Users\Max\AppData\Local\Programs\MiKTeX\tex/latex/microtype\mt-msb.cfg
File: mt-msb.cfg 2005/06/01 v1.0 microtype config. file: AMS symbols (b) (RS)
)

[1


{C:/Users/Max/AppData/Local/MiKTeX/fonts/map/pdftex/pdftex.map}{C:/Users/Max/AppData/Local/Programs/MiKTeX/fonts/enc/dvips/base/8r.enc}]
LaTeX Font Info:    Trying to load font information for TS1+ptm on input line 63.
 (C:\Users\Max\AppData\Local\Programs\MiKTeX\tex/latex/psnfss\ts1ptm.fd
File: ts1ptm.fd 2001/06/04 font definitions for TS1/ptm.
)

[2]
Underfull \vbox (badness 10000) has occurred while \output is active []



[3]

[4]
<slc_image1.png, id=38, 298.4751pt x 298.4751pt>
File: slc_image1.png Graphic file (type png)
<use slc_image1.png>
Package pdftex.def Info: slc_image1.png  used on input line 117.
(pdftex.def)             Requested size: 119.2467pt x 119.24673pt.
<slc_image2.png, id=40, 298.4751pt x 298.4751pt>
File: slc_image2.png Graphic file (type png)
<use slc_image2.png>
Package pdftex.def Info: slc_image2.png  used on input line 122.
(pdftex.def)             Requested size: 119.2467pt x 119.24673pt.
<slc_image3.png, id=41, 298.4751pt x 298.4751pt>
File: slc_image3.png Graphic file (type png)
<use slc_image3.png>
Package pdftex.def Info: slc_image3.png  used on input line 127.
(pdftex.def)             Requested size: 119.2467pt x 119.24673pt.


[5 <./slc_image1.png> <./slc_image2.png> <./slc_image3.png>]

[6]
Package microtype Info: Loading generic protrusion settings for font family
(microtype)             `cmtt' (encoding: T1).
(microtype)             For optimal results, create family-specific settings.
(microtype)             See the microtype manual for details.


[7]
<distribution_0_SWIR_before.png, id=70, 1300.86pt x 361.35pt>
File: distribution_0_SWIR_before.png Graphic file (type png)
<use distribution_0_SWIR_before.png>
Package pdftex.def Info: distribution_0_SWIR_before.png  used on input line 190.
(pdftex.def)             Requested size: 397.48499pt x 110.41284pt.
<distribution_0_SWIR_after.png, id=71, 1300.86pt x 361.35pt>
File: distribution_0_SWIR_after.png Graphic file (type png)
<use distribution_0_SWIR_after.png>
Package pdftex.def Info: distribution_0_SWIR_after.png  used on input line 201.
(pdftex.def)             Requested size: 397.48499pt x 110.41284pt.


[8 <./distribution_0_SWIR_before.png> <./distribution_0_SWIR_after.png>]
c:/Users/Max/Desktop/My Stuff/Kelp-Canopy-Mapping/writeup/writeup.tex:256: Argument of \caption@xdblarg has an extra }.
<inserted text> 
                \par 
l.256 ...           height=40,width={2},depth=40}}
                                                  ;
I've run across a `}' that doesn't seem to match anything.
For example, `\def\a#1{...}' and `\a}' would produce
this error. If you simply proceed now, the `\par' that
I've just inserted will cause me to report a runaway
argument that might be the root of the problem. But if
your `}' was spurious, just type `2' and it will go away.

Runaway argument?
c:/Users/Max/Desktop/My Stuff/Kelp-Canopy-Mapping/writeup/writeup.tex:256: Paragraph ended before \caption@xdblarg was complete.
<to be read again> 
                   \par 
l.256 ...           height=40,width={2},depth=40}}
                                                  ;
I suspect you've forgotten a `}', causing me to apply this
control sequence to too much text. How can we recover?
My plan is to forget the whole thing and hope for the best.

c:/Users/Max/Desktop/My Stuff/Kelp-Canopy-Mapping/writeup/writeup.tex:259: Argument of \caption@xdblarg has an extra }.
<inserted text> 
                \par 
l.259 ...,opacity=0.5,height=32,width=2,depth=32}}
                                                  ;
I've run across a `}' that doesn't seem to match anything.
For example, `\def\a#1{...}' and `\a}' would produce
this error. If you simply proceed now, the `\par' that
I've just inserted will cause me to report a runaway
argument that might be the root of the problem. But if
your `}' was spurious, just type `2' and it will go away.

Runaway argument?
c:/Users/Max/Desktop/My Stuff/Kelp-Canopy-Mapping/writeup/writeup.tex:259: Paragraph ended before \caption@xdblarg was complete.
<to be read again> 
                   \par 
l.259 ...,opacity=0.5,height=32,width=2,depth=32}}
                                                  ;
I suspect you've forgotten a `}', causing me to apply this
control sequence to too much text. How can we recover?
My plan is to forget the whole thing and hope for the best.

c:/Users/Max/Desktop/My Stuff/Kelp-Canopy-Mapping/writeup/writeup.tex:264: Argument of \caption@xdblarg has an extra }.
<inserted text> 
                \par 
l.264 ...           height=32,width={2},depth=32}}
                                                  ;
I've run across a `}' that doesn't seem to match anything.
For example, `\def\a#1{...}' and `\a}' would produce
this error. If you simply proceed now, the `\par' that
I've just inserted will cause me to report a runaway
argument that might be the root of the problem. But if
your `}' was spurious, just type `2' and it will go away.

Runaway argument?
c:/Users/Max/Desktop/My Stuff/Kelp-Canopy-Mapping/writeup/writeup.tex:264: Paragraph ended before \caption@xdblarg was complete.
<to be read again> 
                   \par 
l.264 ...           height=32,width={2},depth=32}}
                                                  ;
I suspect you've forgotten a `}', causing me to apply this
control sequence to too much text. How can we recover?
My plan is to forget the whole thing and hope for the best.

c:/Users/Max/Desktop/My Stuff/Kelp-Canopy-Mapping/writeup/writeup.tex:267: Argument of \caption@xdblarg has an extra }.
<inserted text> 
                \par 
l.267 ...,opacity=0.5,height=25,width=2,depth=25}}
                                                  ;
I've run across a `}' that doesn't seem to match anything.
For example, `\def\a#1{...}' and `\a}' would produce
this error. If you simply proceed now, the `\par' that
I've just inserted will cause me to report a runaway
argument that might be the root of the problem. But if
your `}' was spurious, just type `2' and it will go away.

Runaway argument?
c:/Users/Max/Desktop/My Stuff/Kelp-Canopy-Mapping/writeup/writeup.tex:267: Paragraph ended before \caption@xdblarg was complete.
<to be read again> 
                   \par 
l.267 ...,opacity=0.5,height=25,width=2,depth=25}}
                                                  ;
I suspect you've forgotten a `}', causing me to apply this
control sequence to too much text. How can we recover?
My plan is to forget the whole thing and hope for the best.

c:/Users/Max/Desktop/My Stuff/Kelp-Canopy-Mapping/writeup/writeup.tex:272: Argument of \caption@xdblarg has an extra }.
<inserted text> 
                \par 
l.272 ...         height=25,width={3.5},depth=25}}
                                                  ;
I've run across a `}' that doesn't seem to match anything.
For example, `\def\a#1{...}' and `\a}' would produce
this error. If you simply proceed now, the `\par' that
I've just inserted will cause me to report a runaway
argument that might be the root of the problem. But if
your `}' was spurious, just type `2' and it will go away.

Runaway argument?
c:/Users/Max/Desktop/My Stuff/Kelp-Canopy-Mapping/writeup/writeup.tex:272: Paragraph ended before \caption@xdblarg was complete.
<to be read again> 
                   \par 
l.272 ...         height=25,width={3.5},depth=25}}
                                                  ;
I suspect you've forgotten a `}', causing me to apply this
control sequence to too much text. How can we recover?
My plan is to forget the whole thing and hope for the best.

c:/Users/Max/Desktop/My Stuff/Kelp-Canopy-Mapping/writeup/writeup.tex:275: Argument of \caption@xdblarg has an extra }.
<inserted text> 
                \par 
l.275 ...pacity=0.5,height=16,width=3.5,depth=16}}
                                                  ;
I've run across a `}' that doesn't seem to match anything.
For example, `\def\a#1{...}' and `\a}' would produce
this error. If you simply proceed now, the `\par' that
I've just inserted will cause me to report a runaway
argument that might be the root of the problem. But if
your `}' was spurious, just type `2' and it will go away.

Runaway argument?
c:/Users/Max/Desktop/My Stuff/Kelp-Canopy-Mapping/writeup/writeup.tex:275: Paragraph ended before \caption@xdblarg was complete.
<to be read again> 
                   \par 
l.275 ...pacity=0.5,height=16,width=3.5,depth=16}}
                                                  ;
I suspect you've forgotten a `}', causing me to apply this
control sequence to too much text. How can we recover?
My plan is to forget the whole thing and hope for the best.

c:/Users/Max/Desktop/My Stuff/Kelp-Canopy-Mapping/writeup/writeup.tex:280: Argument of \caption@xdblarg has an extra }.
<inserted text> 
                \par 
l.280 ...         height=16,width={4.5},depth=16}}
                                                  ;
I've run across a `}' that doesn't seem to match anything.
For example, `\def\a#1{...}' and `\a}' would produce
this error. If you simply proceed now, the `\par' that
I've just inserted will cause me to report a runaway
argument that might be the root of the problem. But if
your `}' was spurious, just type `2' and it will go away.

Runaway argument?
c:/Users/Max/Desktop/My Stuff/Kelp-Canopy-Mapping/writeup/writeup.tex:280: Paragraph ended before \caption@xdblarg was complete.
<to be read again> 
                   \par 
l.280 ...         height=16,width={4.5},depth=16}}
                                                  ;
I suspect you've forgotten a `}', causing me to apply this
control sequence to too much text. How can we recover?
My plan is to forget the whole thing and hope for the best.

c:/Users/Max/Desktop/My Stuff/Kelp-Canopy-Mapping/writeup/writeup.tex:283: Argument of \caption@xdblarg has an extra }.
<inserted text> 
                \par 
l.283 ...,opacity=0.5,height=8,width=4.5,depth=8}}
                                                  ;
I've run across a `}' that doesn't seem to match anything.
For example, `\def\a#1{...}' and `\a}' would produce
this error. If you simply proceed now, the `\par' that
I've just inserted will cause me to report a runaway
argument that might be the root of the problem. But if
your `}' was spurious, just type `2' and it will go away.

Runaway argument?
c:/Users/Max/Desktop/My Stuff/Kelp-Canopy-Mapping/writeup/writeup.tex:283: Paragraph ended before \caption@xdblarg was complete.
<to be read again> 
                   \par 
l.283 ...,opacity=0.5,height=8,width=4.5,depth=8}}
                                                  ;
I suspect you've forgotten a `}', causing me to apply this
control sequence to too much text. How can we recover?
My plan is to forget the whole thing and hope for the best.

c:/Users/Max/Desktop/My Stuff/Kelp-Canopy-Mapping/writeup/writeup.tex:299: Argument of \caption@xdblarg has an extra }.
<inserted text> 
                \par 
l.299 ...,opacity=0.4,height=16,width=6,depth=16}}
                                                  ;
I've run across a `}' that doesn't seem to match anything.
For example, `\def\a#1{...}' and `\a}' would produce
this error. If you simply proceed now, the `\par' that
I've just inserted will cause me to report a runaway
argument that might be the root of the problem. But if
your `}' was spurious, just type `2' and it will go away.

Runaway argument?
c:/Users/Max/Desktop/My Stuff/Kelp-Canopy-Mapping/writeup/writeup.tex:299: Paragraph ended before \caption@xdblarg was complete.
<to be read again> 
                   \par 
l.299 ...,opacity=0.4,height=16,width=6,depth=16}}
                                                  ;
I suspect you've forgotten a `}', causing me to apply this
control sequence to too much text. How can we recover?
My plan is to forget the whole thing and hope for the best.

c:/Users/Max/Desktop/My Stuff/Kelp-Canopy-Mapping/writeup/writeup.tex:302: Argument of \caption@xdblarg has an extra }.
<inserted text> 
                \par 
l.302 ...         height=16,width={4.5},depth=16}}
                                                  ;
I've run across a `}' that doesn't seem to match anything.
For example, `\def\a#1{...}' and `\a}' would produce
this error. If you simply proceed now, the `\par' that
I've just inserted will cause me to report a runaway
argument that might be the root of the problem. But if
your `}' was spurious, just type `2' and it will go away.

Runaway argument?
c:/Users/Max/Desktop/My Stuff/Kelp-Canopy-Mapping/writeup/writeup.tex:302: Paragraph ended before \caption@xdblarg was complete.
<to be read again> 
                   \par 
l.302 ...         height=16,width={4.5},depth=16}}
                                                  ;
I suspect you've forgotten a `}', causing me to apply this
control sequence to too much text. How can we recover?
My plan is to forget the whole thing and hope for the best.

c:/Users/Max/Desktop/My Stuff/Kelp-Canopy-Mapping/writeup/writeup.tex:308: Argument of \caption@xdblarg has an extra }.
<inserted text> 
                \par 
l.308 ...pacity=0.4,height=25,width=4.5,depth=25}}
                                                  ;
I've run across a `}' that doesn't seem to match anything.
For example, `\def\a#1{...}' and `\a}' would produce
this error. If you simply proceed now, the `\par' that
I've just inserted will cause me to report a runaway
argument that might be the root of the problem. But if
your `}' was spurious, just type `2' and it will go away.

Runaway argument?
c:/Users/Max/Desktop/My Stuff/Kelp-Canopy-Mapping/writeup/writeup.tex:308: Paragraph ended before \caption@xdblarg was complete.
<to be read again> 
                   \par 
l.308 ...pacity=0.4,height=25,width=4.5,depth=25}}
                                                  ;
I suspect you've forgotten a `}', causing me to apply this
control sequence to too much text. How can we recover?
My plan is to forget the whole thing and hope for the best.

c:/Users/Max/Desktop/My Stuff/Kelp-Canopy-Mapping/writeup/writeup.tex:311: Argument of \caption@xdblarg has an extra }.
<inserted text> 
                \par 
l.311 ...         height=25,width={3.5},depth=25}}
                                                  ;
I've run across a `}' that doesn't seem to match anything.
For example, `\def\a#1{...}' and `\a}' would produce
this error. If you simply proceed now, the `\par' that
I've just inserted will cause me to report a runaway
argument that might be the root of the problem. But if
your `}' was spurious, just type `2' and it will go away.

Runaway argument?
c:/Users/Max/Desktop/My Stuff/Kelp-Canopy-Mapping/writeup/writeup.tex:311: Paragraph ended before \caption@xdblarg was complete.
<to be read again> 
                   \par 
l.311 ...         height=25,width={3.5},depth=25}}
                                                  ;
I suspect you've forgotten a `}', causing me to apply this
control sequence to too much text. How can we recover?
My plan is to forget the whole thing and hope for the best.

c:/Users/Max/Desktop/My Stuff/Kelp-Canopy-Mapping/writeup/writeup.tex:315: Argument of \caption@xdblarg has an extra }.
<inserted text> 
                \par 
l.315 ...,opacity=0.6,height=32,width=2,depth=32}}
                                                  ;
I've run across a `}' that doesn't seem to match anything.
For example, `\def\a#1{...}' and `\a}' would produce
this error. If you simply proceed now, the `\par' that
I've just inserted will cause me to report a runaway
argument that might be the root of the problem. But if
your `}' was spurious, just type `2' and it will go away.

Runaway argument?
c:/Users/Max/Desktop/My Stuff/Kelp-Canopy-Mapping/writeup/writeup.tex:315: Paragraph ended before \caption@xdblarg was complete.
<to be read again> 
                   \par 
l.315 ...,opacity=0.6,height=32,width=2,depth=32}}
                                                  ;
I suspect you've forgotten a `}', causing me to apply this
control sequence to too much text. How can we recover?
My plan is to forget the whole thing and hope for the best.

c:/Users/Max/Desktop/My Stuff/Kelp-Canopy-Mapping/writeup/writeup.tex:317: Argument of \caption@xdblarg has an extra }.
<inserted text> 
                \par 
l.317 ...pacity=0.4,height=32,width=3.5,depth=32}}
                                                  ;
I've run across a `}' that doesn't seem to match anything.
For example, `\def\a#1{...}' and `\a}' would produce
this error. If you simply proceed now, the `\par' that
I've just inserted will cause me to report a runaway
argument that might be the root of the problem. But if
your `}' was spurious, just type `2' and it will go away.

Runaway argument?
c:/Users/Max/Desktop/My Stuff/Kelp-Canopy-Mapping/writeup/writeup.tex:317: Paragraph ended before \caption@xdblarg was complete.
<to be read again> 
                   \par 
l.317 ...pacity=0.4,height=32,width=3.5,depth=32}}
                                                  ;
I suspect you've forgotten a `}', causing me to apply this
control sequence to too much text. How can we recover?
My plan is to forget the whole thing and hope for the best.

c:/Users/Max/Desktop/My Stuff/Kelp-Canopy-Mapping/writeup/writeup.tex:320: Argument of \caption@xdblarg has an extra }.
<inserted text> 
                \par 
l.320 ...           height=32,width={2},depth=32}}
                                                  ;
I've run across a `}' that doesn't seem to match anything.
For example, `\def\a#1{...}' and `\a}' would produce
this error. If you simply proceed now, the `\par' that
I've just inserted will cause me to report a runaway
argument that might be the root of the problem. But if
your `}' was spurious, just type `2' and it will go away.

Runaway argument?
c:/Users/Max/Desktop/My Stuff/Kelp-Canopy-Mapping/writeup/writeup.tex:320: Paragraph ended before \caption@xdblarg was complete.
<to be read again> 
                   \par 
l.320 ...           height=32,width={2},depth=32}}
                                                  ;
I suspect you've forgotten a `}', causing me to apply this
control sequence to too much text. How can we recover?
My plan is to forget the whole thing and hope for the best.

c:/Users/Max/Desktop/My Stuff/Kelp-Canopy-Mapping/writeup/writeup.tex:324: Argument of \caption@xdblarg has an extra }.
<inserted text> 
                \par 
l.324 ...,opacity=0.6,height=40,width=2,depth=40}}
                                                  ;
I've run across a `}' that doesn't seem to match anything.
For example, `\def\a#1{...}' and `\a}' would produce
this error. If you simply proceed now, the `\par' that
I've just inserted will cause me to report a runaway
argument that might be the root of the problem. But if
your `}' was spurious, just type `2' and it will go away.

Runaway argument?
c:/Users/Max/Desktop/My Stuff/Kelp-Canopy-Mapping/writeup/writeup.tex:324: Paragraph ended before \caption@xdblarg was complete.
<to be read again> 
                   \par 
l.324 ...,opacity=0.6,height=40,width=2,depth=40}}
                                                  ;
I suspect you've forgotten a `}', causing me to apply this
control sequence to too much text. How can we recover?
My plan is to forget the whole thing and hope for the best.

c:/Users/Max/Desktop/My Stuff/Kelp-Canopy-Mapping/writeup/writeup.tex:326: Argument of \caption@xdblarg has an extra }.
<inserted text> 
                \par 
l.326 ...pacity=0.4,height=40,width=2.5,depth=40}}
                                                  ;
I've run across a `}' that doesn't seem to match anything.
For example, `\def\a#1{...}' and `\a}' would produce
this error. If you simply proceed now, the `\par' that
I've just inserted will cause me to report a runaway
argument that might be the root of the problem. But if
your `}' was spurious, just type `2' and it will go away.

Runaway argument?
c:/Users/Max/Desktop/My Stuff/Kelp-Canopy-Mapping/writeup/writeup.tex:326: Paragraph ended before \caption@xdblarg was complete.
<to be read again> 
                   \par 
l.326 ...pacity=0.4,height=40,width=2.5,depth=40}}
                                                  ;
I suspect you've forgotten a `}', causing me to apply this
control sequence to too much text. How can we recover?
My plan is to forget the whole thing and hope for the best.

c:/Users/Max/Desktop/My Stuff/Kelp-Canopy-Mapping/writeup/writeup.tex:329: Argument of \caption@xdblarg has an extra }.
<inserted text> 
                \par 
l.329 ...           height=40,width={2},depth=40}}
                                                  ;
I've run across a `}' that doesn't seem to match anything.
For example, `\def\a#1{...}' and `\a}' would produce
this error. If you simply proceed now, the `\par' that
I've just inserted will cause me to report a runaway
argument that might be the root of the problem. But if
your `}' was spurious, just type `2' and it will go away.

Runaway argument?
c:/Users/Max/Desktop/My Stuff/Kelp-Canopy-Mapping/writeup/writeup.tex:329: Paragraph ended before \caption@xdblarg was complete.
<to be read again> 
                   \par 
l.329 ...           height=40,width={2},depth=40}}
                                                  ;
I suspect you've forgotten a `}', causing me to apply this
control sequence to too much text. How can we recover?
My plan is to forget the whole thing and hope for the best.


Overfull \hbox (15.49742pt too wide) in paragraph at lines 334--334
 [][][]\T1/ptm/b/n/10 (-20) Output 
 []


Overfull \hbox (5.22691pt too wide) in paragraph at lines 334--334
 \T1/ptm/b/n/10 (-20) (1x1)[] 
 []

c:/Users/Max/Desktop/My Stuff/Kelp-Canopy-Mapping/writeup/writeup.tex:338: Undefined control sequence.
<argument> \edgecolor 
                      
l.338         \draw [connection]
                                 (Input-east) -- node {\midarrow} (cr1-west);
The control sequence at the end of the top line
of your error message was never \def'ed. If you have
misspelled it (e.g., `\hobx'), type `I' and the correct
spelling (e.g., `I\hbox'). Otherwise just continue,
and I'll forget about whatever was undefined.


c:/Users/Max/Desktop/My Stuff/Kelp-Canopy-Mapping/writeup/writeup.tex:338: Package pgf Error: No shape named `Input-east' is known.

See the pgf package documentation for explanation.
Type  H <return>  for immediate help.
 ...                                              
                                                  
l.338         \draw [connection] (Input-east)
                                              -- node {\midarrow} (cr1-west);
This error message was generated by an \errmessage
command, so I can't give any explicit help.
Pretend that you're Hercule Poirot: Examine all clues,
and deduce the truth by order and method.


c:/Users/Max/Desktop/My Stuff/Kelp-Canopy-Mapping/writeup/writeup.tex:338: Package pgf Error: No shape named `Input-east' is known.

See the pgf package documentation for explanation.
Type  H <return>  for immediate help.
 ...                                              
                                                  
l.338 ...nput-east) -- node {\midarrow} (cr1-west)
                                                  ;
(That was another \errmessage.)

c:/Users/Max/Desktop/My Stuff/Kelp-Canopy-Mapping/writeup/writeup.tex:338: Undefined control sequence.
<argument> \edgecolor 
                      
l.338 ...nput-east) -- node {\midarrow} (cr1-west)
                                                  ;
The control sequence at the end of the top line
of your error message was never \def'ed. If you have
misspelled it (e.g., `\hobx'), type `I' and the correct
spelling (e.g., `I\hbox'). Otherwise just continue,
and I'll forget about whatever was undefined.

c:/Users/Max/Desktop/My Stuff/Kelp-Canopy-Mapping/writeup/writeup.tex:339: Undefined control sequence.
<argument> \edgecolor 
                      
l.339         \draw [connection]
                                 (cr1-east)   -- node {\midarrow} (p1-west);
The control sequence at the end of the top line
of your error message was never \def'ed. If you have
misspelled it (e.g., `\hobx'), type `I' and the correct
spelling (e.g., `I\hbox'). Otherwise just continue,
and I'll forget about whatever was undefined.

c:/Users/Max/Desktop/My Stuff/Kelp-Canopy-Mapping/writeup/writeup.tex:339: Undefined control sequence.
<argument> \edgecolor 
                      
l.339 ...cr1-east)   -- node {\midarrow} (p1-west)
                                                  ;
The control sequence at the end of the top line
of your error message was never \def'ed. If you have
misspelled it (e.g., `\hobx'), type `I' and the correct
spelling (e.g., `I\hbox'). Otherwise just continue,
and I'll forget about whatever was undefined.

c:/Users/Max/Desktop/My Stuff/Kelp-Canopy-Mapping/writeup/writeup.tex:340: Undefined control sequence.
<argument> \edgecolor 
                      
l.340         \draw [connection]
                                 (p1-east)    -- node {\midarrow} (cr2-west);
The control sequence at the end of the top line
of your error message was never \def'ed. If you have
misspelled it (e.g., `\hobx'), type `I' and the correct
spelling (e.g., `I\hbox'). Otherwise just continue,
and I'll forget about whatever was undefined.

c:/Users/Max/Desktop/My Stuff/Kelp-Canopy-Mapping/writeup/writeup.tex:340: Undefined control sequence.
<argument> \edgecolor 
                      
l.340 ...1-east)    -- node {\midarrow} (cr2-west)
                                                  ;
The control sequence at the end of the top line
of your error message was never \def'ed. If you have
misspelled it (e.g., `\hobx'), type `I' and the correct
spelling (e.g., `I\hbox'). Otherwise just continue,
and I'll forget about whatever was undefined.

c:/Users/Max/Desktop/My Stuff/Kelp-Canopy-Mapping/writeup/writeup.tex:341: Undefined control sequence.
<argument> \edgecolor 
                      
l.341         \draw [connection]
                                 (cr2-east)   -- node {\midarrow} (p2-west);
The control sequence at the end of the top line
of your error message was never \def'ed. If you have
misspelled it (e.g., `\hobx'), type `I' and the correct
spelling (e.g., `I\hbox'). Otherwise just continue,
and I'll forget about whatever was undefined.

c:/Users/Max/Desktop/My Stuff/Kelp-Canopy-Mapping/writeup/writeup.tex:341: Undefined control sequence.
<argument> \edgecolor 
                      
l.341 ...cr2-east)   -- node {\midarrow} (p2-west)
                                                  ;
The control sequence at the end of the top line
of your error message was never \def'ed. If you have
misspelled it (e.g., `\hobx'), type `I' and the correct
spelling (e.g., `I\hbox'). Otherwise just continue,
and I'll forget about whatever was undefined.

c:/Users/Max/Desktop/My Stuff/Kelp-Canopy-Mapping/writeup/writeup.tex:342: Undefined control sequence.
<argument> \edgecolor 
                      
l.342         \draw [connection]
                                 (p2-east)    -- node {\midarrow} (cr3-west);
The control sequence at the end of the top line
of your error message was never \def'ed. If you have
misspelled it (e.g., `\hobx'), type `I' and the correct
spelling (e.g., `I\hbox'). Otherwise just continue,
and I'll forget about whatever was undefined.

c:/Users/Max/Desktop/My Stuff/Kelp-Canopy-Mapping/writeup/writeup.tex:342: Undefined control sequence.
<argument> \edgecolor 
                      
l.342 ...2-east)    -- node {\midarrow} (cr3-west)
                                                  ;
The control sequence at the end of the top line
of your error message was never \def'ed. If you have
misspelled it (e.g., `\hobx'), type `I' and the correct
spelling (e.g., `I\hbox'). Otherwise just continue,
and I'll forget about whatever was undefined.

c:/Users/Max/Desktop/My Stuff/Kelp-Canopy-Mapping/writeup/writeup.tex:343: Undefined control sequence.
<argument> \edgecolor 
                      
l.343         \draw [connection]
                                 (cr3-east)   -- node {\midarrow} (p3-west);
The control sequence at the end of the top line
of your error message was never \def'ed. If you have
misspelled it (e.g., `\hobx'), type `I' and the correct
spelling (e.g., `I\hbox'). Otherwise just continue,
and I'll forget about whatever was undefined.

c:/Users/Max/Desktop/My Stuff/Kelp-Canopy-Mapping/writeup/writeup.tex:343: Undefined control sequence.
<argument> \edgecolor 
                      
l.343 ...cr3-east)   -- node {\midarrow} (p3-west)
                                                  ;
The control sequence at the end of the top line
of your error message was never \def'ed. If you have
misspelled it (e.g., `\hobx'), type `I' and the correct
spelling (e.g., `I\hbox'). Otherwise just continue,
and I'll forget about whatever was undefined.

c:/Users/Max/Desktop/My Stuff/Kelp-Canopy-Mapping/writeup/writeup.tex:344: Undefined control sequence.
<argument> \edgecolor 
                      
l.344         \draw [connection]
                                 (p3-east)    -- node {\midarrow} (cr4-west);
The control sequence at the end of the top line
of your error message was never \def'ed. If you have
misspelled it (e.g., `\hobx'), type `I' and the correct
spelling (e.g., `I\hbox'). Otherwise just continue,
and I'll forget about whatever was undefined.

c:/Users/Max/Desktop/My Stuff/Kelp-Canopy-Mapping/writeup/writeup.tex:344: Undefined control sequence.
<argument> \edgecolor 
                      
l.344 ...3-east)    -- node {\midarrow} (cr4-west)
                                                  ;
The control sequence at the end of the top line
of your error message was never \def'ed. If you have
misspelled it (e.g., `\hobx'), type `I' and the correct
spelling (e.g., `I\hbox'). Otherwise just continue,
and I'll forget about whatever was undefined.

c:/Users/Max/Desktop/My Stuff/Kelp-Canopy-Mapping/writeup/writeup.tex:345: Undefined control sequence.
<argument> \edgecolor 
                      
l.345         \draw [connection]
                                 (cr4-east)   -- node {\midarrow} (p4-west);
The control sequence at the end of the top line
of your error message was never \def'ed. If you have
misspelled it (e.g., `\hobx'), type `I' and the correct
spelling (e.g., `I\hbox'). Otherwise just continue,
and I'll forget about whatever was undefined.

c:/Users/Max/Desktop/My Stuff/Kelp-Canopy-Mapping/writeup/writeup.tex:345: Undefined control sequence.
<argument> \edgecolor 
                      
l.345 ...cr4-east)   -- node {\midarrow} (p4-west)
                                                  ;
The control sequence at the end of the top line
of your error message was never \def'ed. If you have
misspelled it (e.g., `\hobx'), type `I' and the correct
spelling (e.g., `I\hbox'). Otherwise just continue,
and I'll forget about whatever was undefined.

c:/Users/Max/Desktop/My Stuff/Kelp-Canopy-Mapping/writeup/writeup.tex:346: Undefined control sequence.
<argument> \edgecolor 
                      
l.346         \draw [connection]
                                 (p4-east)    -- node {\midarrow} (cr5-west);
The control sequence at the end of the top line
of your error message was never \def'ed. If you have
misspelled it (e.g., `\hobx'), type `I' and the correct
spelling (e.g., `I\hbox'). Otherwise just continue,
and I'll forget about whatever was undefined.

c:/Users/Max/Desktop/My Stuff/Kelp-Canopy-Mapping/writeup/writeup.tex:346: Undefined control sequence.
<argument> \edgecolor 
                      
l.346 ...4-east)    -- node {\midarrow} (cr5-west)
                                                  ;
The control sequence at the end of the top line
of your error message was never \def'ed. If you have
misspelled it (e.g., `\hobx'), type `I' and the correct
spelling (e.g., `I\hbox'). Otherwise just continue,
and I'll forget about whatever was undefined.

c:/Users/Max/Desktop/My Stuff/Kelp-Canopy-Mapping/writeup/writeup.tex:348: Undefined control sequence.
<argument> \edgecolor 
                      
l.348         \draw [connection]
                                 (cr5-east)   -- node {\midarrow} (up4-west);
The control sequence at the end of the top line
of your error message was never \def'ed. If you have
misspelled it (e.g., `\hobx'), type `I' and the correct
spelling (e.g., `I\hbox'). Otherwise just continue,
and I'll forget about whatever was undefined.

c:/Users/Max/Desktop/My Stuff/Kelp-Canopy-Mapping/writeup/writeup.tex:348: Undefined control sequence.
<argument> \edgecolor 
                      
l.348 ...r5-east)   -- node {\midarrow} (up4-west)
                                                  ;
The control sequence at the end of the top line
of your error message was never \def'ed. If you have
misspelled it (e.g., `\hobx'), type `I' and the correct
spelling (e.g., `I\hbox'). Otherwise just continue,
and I'll forget about whatever was undefined.

c:/Users/Max/Desktop/My Stuff/Kelp-Canopy-Mapping/writeup/writeup.tex:349: Undefined control sequence.
<argument> \edgecolor 
                      
l.349         \draw [connection]
                                 (up4-east)   -- node {\midarrow} (cat4-west);
The control sequence at the end of the top line
of your error message was never \def'ed. If you have
misspelled it (e.g., `\hobx'), type `I' and the correct
spelling (e.g., `I\hbox'). Otherwise just continue,
and I'll forget about whatever was undefined.

c:/Users/Max/Desktop/My Stuff/Kelp-Canopy-Mapping/writeup/writeup.tex:349: Undefined control sequence.
<argument> \edgecolor 
                      
l.349 ...4-east)   -- node {\midarrow} (cat4-west)
                                                  ;
The control sequence at the end of the top line
of your error message was never \def'ed. If you have
misspelled it (e.g., `\hobx'), type `I' and the correct
spelling (e.g., `I\hbox'). Otherwise just continue,
and I'll forget about whatever was undefined.

c:/Users/Max/Desktop/My Stuff/Kelp-Canopy-Mapping/writeup/writeup.tex:350: Undefined control sequence.
<argument> \edgecolor 
                      
l.350         \draw [connection]
                                 (cat4-east)  -- node {\midarrow} (ucr4a-west);
The control sequence at the end of the top line
of your error message was never \def'ed. If you have
misspelled it (e.g., `\hobx'), type `I' and the correct
spelling (e.g., `I\hbox'). Otherwise just continue,
and I'll forget about whatever was undefined.

c:/Users/Max/Desktop/My Stuff/Kelp-Canopy-Mapping/writeup/writeup.tex:350: Undefined control sequence.
<argument> \edgecolor 
                      
l.350 ...4-east)  -- node {\midarrow} (ucr4a-west)
                                                  ;
The control sequence at the end of the top line
of your error message was never \def'ed. If you have
misspelled it (e.g., `\hobx'), type `I' and the correct
spelling (e.g., `I\hbox'). Otherwise just continue,
and I'll forget about whatever was undefined.

c:/Users/Max/Desktop/My Stuff/Kelp-Canopy-Mapping/writeup/writeup.tex:352: Undefined control sequence.
<argument> \edgecolor 
                      
l.352         \draw [connection]
                                 (ucr4a-east) -- node {\midarrow} (up3-west);
The control sequence at the end of the top line
of your error message was never \def'ed. If you have
misspelled it (e.g., `\hobx'), type `I' and the correct
spelling (e.g., `I\hbox'). Otherwise just continue,
and I'll forget about whatever was undefined.

c:/Users/Max/Desktop/My Stuff/Kelp-Canopy-Mapping/writeup/writeup.tex:352: Undefined control sequence.
<argument> \edgecolor 
                      
l.352 ...cr4a-east) -- node {\midarrow} (up3-west)
                                                  ;
The control sequence at the end of the top line
of your error message was never \def'ed. If you have
misspelled it (e.g., `\hobx'), type `I' and the correct
spelling (e.g., `I\hbox'). Otherwise just continue,
and I'll forget about whatever was undefined.

c:/Users/Max/Desktop/My Stuff/Kelp-Canopy-Mapping/writeup/writeup.tex:353: Undefined control sequence.
<argument> \edgecolor 
                      
l.353         \draw [connection]
                                 (up3-east)   -- node {\midarrow} (cat3-west);
The control sequence at the end of the top line
of your error message was never \def'ed. If you have
misspelled it (e.g., `\hobx'), type `I' and the correct
spelling (e.g., `I\hbox'). Otherwise just continue,
and I'll forget about whatever was undefined.

c:/Users/Max/Desktop/My Stuff/Kelp-Canopy-Mapping/writeup/writeup.tex:353: Undefined control sequence.
<argument> \edgecolor 
                      
l.353 ...3-east)   -- node {\midarrow} (cat3-west)
                                                  ;
The control sequence at the end of the top line
of your error message was never \def'ed. If you have
misspelled it (e.g., `\hobx'), type `I' and the correct
spelling (e.g., `I\hbox'). Otherwise just continue,
and I'll forget about whatever was undefined.

c:/Users/Max/Desktop/My Stuff/Kelp-Canopy-Mapping/writeup/writeup.tex:354: Undefined control sequence.
<argument> \edgecolor 
                      
l.354         \draw [connection]
                                 (cat3-east)  -- node {\midarrow} (ucr3a-west);
The control sequence at the end of the top line
of your error message was never \def'ed. If you have
misspelled it (e.g., `\hobx'), type `I' and the correct
spelling (e.g., `I\hbox'). Otherwise just continue,
and I'll forget about whatever was undefined.

c:/Users/Max/Desktop/My Stuff/Kelp-Canopy-Mapping/writeup/writeup.tex:354: Undefined control sequence.
<argument> \edgecolor 
                      
l.354 ...3-east)  -- node {\midarrow} (ucr3a-west)
                                                  ;
The control sequence at the end of the top line
of your error message was never \def'ed. If you have
misspelled it (e.g., `\hobx'), type `I' and the correct
spelling (e.g., `I\hbox'). Otherwise just continue,
and I'll forget about whatever was undefined.

c:/Users/Max/Desktop/My Stuff/Kelp-Canopy-Mapping/writeup/writeup.tex:356: Undefined control sequence.
<argument> \edgecolor 
                      
l.356         \draw [connection]
                                 (ucr3a-east) -- node {\midarrow} (up2-west);
The control sequence at the end of the top line
of your error message was never \def'ed. If you have
misspelled it (e.g., `\hobx'), type `I' and the correct
spelling (e.g., `I\hbox'). Otherwise just continue,
and I'll forget about whatever was undefined.

c:/Users/Max/Desktop/My Stuff/Kelp-Canopy-Mapping/writeup/writeup.tex:356: Undefined control sequence.
<argument> \edgecolor 
                      
l.356 ...cr3a-east) -- node {\midarrow} (up2-west)
                                                  ;
The control sequence at the end of the top line
of your error message was never \def'ed. If you have
misspelled it (e.g., `\hobx'), type `I' and the correct
spelling (e.g., `I\hbox'). Otherwise just continue,
and I'll forget about whatever was undefined.

c:/Users/Max/Desktop/My Stuff/Kelp-Canopy-Mapping/writeup/writeup.tex:357: Undefined control sequence.
<argument> \edgecolor 
                      
l.357         \draw [connection]
                                 (up2-east)   -- node {\midarrow} (cat2-west);
The control sequence at the end of the top line
of your error message was never \def'ed. If you have
misspelled it (e.g., `\hobx'), type `I' and the correct
spelling (e.g., `I\hbox'). Otherwise just continue,
and I'll forget about whatever was undefined.

c:/Users/Max/Desktop/My Stuff/Kelp-Canopy-Mapping/writeup/writeup.tex:357: Undefined control sequence.
<argument> \edgecolor 
                      
l.357 ...2-east)   -- node {\midarrow} (cat2-west)
                                                  ;
The control sequence at the end of the top line
of your error message was never \def'ed. If you have
misspelled it (e.g., `\hobx'), type `I' and the correct
spelling (e.g., `I\hbox'). Otherwise just continue,
and I'll forget about whatever was undefined.

c:/Users/Max/Desktop/My Stuff/Kelp-Canopy-Mapping/writeup/writeup.tex:358: Undefined control sequence.
<argument> \edgecolor 
                      
l.358         \draw [connection]
                                 (cat2-east)  -- node {\midarrow} (ucr2a-west);
The control sequence at the end of the top line
of your error message was never \def'ed. If you have
misspelled it (e.g., `\hobx'), type `I' and the correct
spelling (e.g., `I\hbox'). Otherwise just continue,
and I'll forget about whatever was undefined.

c:/Users/Max/Desktop/My Stuff/Kelp-Canopy-Mapping/writeup/writeup.tex:358: Undefined control sequence.
<argument> \edgecolor 
                      
l.358 ...2-east)  -- node {\midarrow} (ucr2a-west)
                                                  ;
The control sequence at the end of the top line
of your error message was never \def'ed. If you have
misspelled it (e.g., `\hobx'), type `I' and the correct
spelling (e.g., `I\hbox'). Otherwise just continue,
and I'll forget about whatever was undefined.

c:/Users/Max/Desktop/My Stuff/Kelp-Canopy-Mapping/writeup/writeup.tex:360: Undefined control sequence.
<argument> \edgecolor 
                      
l.360         \draw [connection]
                                 (ucr2a-east) -- node {\midarrow} (up1-west);
The control sequence at the end of the top line
of your error message was never \def'ed. If you have
misspelled it (e.g., `\hobx'), type `I' and the correct
spelling (e.g., `I\hbox'). Otherwise just continue,
and I'll forget about whatever was undefined.

c:/Users/Max/Desktop/My Stuff/Kelp-Canopy-Mapping/writeup/writeup.tex:360: Undefined control sequence.
<argument> \edgecolor 
                      
l.360 ...cr2a-east) -- node {\midarrow} (up1-west)
                                                  ;
The control sequence at the end of the top line
of your error message was never \def'ed. If you have
misspelled it (e.g., `\hobx'), type `I' and the correct
spelling (e.g., `I\hbox'). Otherwise just continue,
and I'll forget about whatever was undefined.

c:/Users/Max/Desktop/My Stuff/Kelp-Canopy-Mapping/writeup/writeup.tex:361: Undefined control sequence.
<argument> \edgecolor 
                      
l.361         \draw [connection]
                                 (up1-east)   -- node {\midarrow} (cat1-west);
The control sequence at the end of the top line
of your error message was never \def'ed. If you have
misspelled it (e.g., `\hobx'), type `I' and the correct
spelling (e.g., `I\hbox'). Otherwise just continue,
and I'll forget about whatever was undefined.

c:/Users/Max/Desktop/My Stuff/Kelp-Canopy-Mapping/writeup/writeup.tex:361: Undefined control sequence.
<argument> \edgecolor 
                      
l.361 ...1-east)   -- node {\midarrow} (cat1-west)
                                                  ;
The control sequence at the end of the top line
of your error message was never \def'ed. If you have
misspelled it (e.g., `\hobx'), type `I' and the correct
spelling (e.g., `I\hbox'). Otherwise just continue,
and I'll forget about whatever was undefined.

c:/Users/Max/Desktop/My Stuff/Kelp-Canopy-Mapping/writeup/writeup.tex:362: Undefined control sequence.
<argument> \edgecolor 
                      
l.362         \draw [connection]
                                 (cat1-east)  -- node {\midarrow} (ucr1a-west);
The control sequence at the end of the top line
of your error message was never \def'ed. If you have
misspelled it (e.g., `\hobx'), type `I' and the correct
spelling (e.g., `I\hbox'). Otherwise just continue,
and I'll forget about whatever was undefined.

c:/Users/Max/Desktop/My Stuff/Kelp-Canopy-Mapping/writeup/writeup.tex:362: Undefined control sequence.
<argument> \edgecolor 
                      
l.362 ...1-east)  -- node {\midarrow} (ucr1a-west)
                                                  ;
The control sequence at the end of the top line
of your error message was never \def'ed. If you have
misspelled it (e.g., `\hobx'), type `I' and the correct
spelling (e.g., `I\hbox'). Otherwise just continue,
and I'll forget about whatever was undefined.

c:/Users/Max/Desktop/My Stuff/Kelp-Canopy-Mapping/writeup/writeup.tex:364: Undefined control sequence.
<argument> \edgecolor 
                      
l.364         \draw [connection]
                                 (ucr1a-east) -- node {\midarrow} (out-west);
The control sequence at the end of the top line
of your error message was never \def'ed. If you have
misspelled it (e.g., `\hobx'), type `I' and the correct
spelling (e.g., `I\hbox'). Otherwise just continue,
and I'll forget about whatever was undefined.

c:/Users/Max/Desktop/My Stuff/Kelp-Canopy-Mapping/writeup/writeup.tex:364: Undefined control sequence.
<argument> \edgecolor 
                      
l.364 ...cr1a-east) -- node {\midarrow} (out-west)
                                                  ;
The control sequence at the end of the top line
of your error message was never \def'ed. If you have
misspelled it (e.g., `\hobx'), type `I' and the correct
spelling (e.g., `I\hbox'). Otherwise just continue,
and I'll forget about whatever was undefined.


Underfull \vbox (badness 2680) has occurred while \output is active []



[9]

[10]

[11]

[12]
<good2.png, id=116, 910.602pt x 315.0972pt>
File: good2.png Graphic file (type png)
<use good2.png>
Package pdftex.def Info: good2.png  used on input line 519.
(pdftex.def)             Requested size: 317.9892pt x 110.03084pt.
<good3.png, id=117, 910.602pt x 315.0972pt>
File: good3.png Graphic file (type png)
<use good3.png>
Package pdftex.def Info: good3.png  used on input line 520.
(pdftex.def)             Requested size: 317.9892pt x 110.03084pt.
<good1.png, id=118, 910.602pt x 315.0972pt>
File: good1.png Graphic file (type png)
<use good1.png>
Package pdftex.def Info: good1.png  used on input line 521.
(pdftex.def)             Requested size: 317.9892pt x 110.03084pt.
<goodslc.png, id=119, 910.602pt x 315.0972pt>
File: goodslc.png Graphic file (type png)
<use goodslc.png>
Package pdftex.def Info: goodslc.png  used on input line 528.
(pdftex.def)             Requested size: 317.9892pt x 110.03084pt.
<bad1.png, id=120, 910.602pt x 315.0972pt>
File: bad1.png Graphic file (type png)
<use bad1.png>
Package pdftex.def Info: bad1.png  used on input line 535.
(pdftex.def)             Requested size: 317.9892pt x 110.03084pt.
<bad2.png, id=121, 910.602pt x 315.0972pt>
File: bad2.png Graphic file (type png)
<use bad2.png>
Package pdftex.def Info: bad2.png  used on input line 536.
(pdftex.def)             Requested size: 317.9892pt x 110.03084pt.
<bad3.png, id=122, 910.602pt x 315.0972pt>
File: bad3.png Graphic file (type png)
<use bad3.png>
Package pdftex.def Info: bad3.png  used on input line 537.
(pdftex.def)             Requested size: 317.9892pt x 110.03084pt.

Underfull \vbox (badness 10000) has occurred while \output is active []



[13 <./good2.png> <./good3.png> <./good1.png> <./goodslc.png>]
Underfull \vbox (badness 1502) has occurred while \output is active []



[14 <./bad1.png> <./bad2.png> <./bad3.png>]

[15]

[16]

[17]

[18]

[19] (writeup.aux)
 ***********
LaTeX2e <2024-11-01> patch level 2
L3 programming layer <2025-03-26>
 ***********


LaTeX Warning: Label(s) may have changed. Rerun to get cross-references right.


Package rerunfilecheck Warning: File `writeup.out' has changed.
(rerunfilecheck)                Rerun to get outlines right
(rerunfilecheck)                or use package `bookmark'.

Package rerunfilecheck Info: Checksums for `writeup.out':
(rerunfilecheck)             Before: <no file>
(rerunfilecheck)             After:  1CA3642C2804E776F7A312C3E89DC87F;12882.
 ) 
Here is how much of TeX's memory you used:
 29624 strings out of 469958
 576366 string characters out of 5470782
 1158110 words of memory out of 5000000
 55634 multiletter control sequences out of 15000+600000
 666508 words of font info for 236 fonts, out of 8000000 for 9000
 1141 hyphenation exceptions out of 8191
 86i,14n,131p,1613b,1475s stack positions out of 10000i,1000n,20000p,200000b,200000s
 <C:\Users\Max\AppData\Local\MiKTeX\fonts/pk/ljfour/jknappen/ec/dpi600\ectt0900.pk> <C:\Users\Max\AppData\Local\MiKTeX\fonts/pk/ljfour/jknappen/ec/dpi600\ectt1000.pk><C:/Users/Max/AppData/Local/Programs/MiKTeX/fonts/type1/public/amsfonts/cm/cmsy6.pfb><C:/Users/Max/AppData/Local/Programs/MiKTeX/fonts/type1/public/amsfonts/cm/cmsy7.pfb><C:/Users/Max/AppData/Local/Programs/MiKTeX/fonts/type1/urw/times/utmb8a.pfb><C:/Users/Max/AppData/Local/Programs/MiKTeX/fonts/type1/urw/times/utmr8a.pfb><C:/Users/Max/AppData/Local/Programs/MiKTeX/fonts/type1/urw/times/utmri8a.pfb>
Output written on writeup.pdf (19 pages, 3004291 bytes).
PDF statistics:
 319 PDF objects out of 1000 (max. 8388607)
 98 named destinations out of 1000 (max. 500000)
 38473 words of extra memory for PDF output out of 42996 (max. 10000000)

